Arguments: 
  C:\Program Files\nodejs\node.exe C:\Program Files\nodejs\node_modules\yarn\bin\yarn.js install

PATH: 
  C:\Program Files\Git\mingw64\bin;C:\Program Files\Git\usr\bin;C:\Users\Lenovo\bin;C:\Program Files (x86)\Common Files\Oracle\Java\javapath;C:\oraclexe\app\oracle\product\10.2.0\server\bin;C:\Windows\system32;C:\Windows;C:\Windows\System32\Wbem;C:\Windows\System32\WindowsPowerShell\v1.0;C:\Windows\System32\OpenSSH;C:\Program Files (x86)\NVIDIA Corporation\PhysX\Common;C:\Program Files\NVIDIA Corporation\NVIDIA NvDLISR;C:\Program Files\Git\cmd;C:\WINDOWS\system32;C:\WINDOWS;C:\WINDOWS\System32\Wbem;C:\WINDOWS\System32\WindowsPowerShell\v1.0;C:\WINDOWS\System32\OpenSSH;C:\Users\Lenovo\Documents\development\apache-maven-3.6.3\bin;C:\Users\Lenovo\Documents\development\apache-tomcat-9.0.31\bin;C:\Program Files\PuTTY;C:\Program Files\Docker\Docker\resources\bin;C:\ProgramData\DockerDesktop\version-bin;C:\Program Files\Amazon\AWSCLIV2;C:\Users\Lenovo\AppData\Roaming\nvm;C:\Program Files\nodejs;C:\Program Files\MySQL\MySQL Shell 8.0\bin;C:\Users\Lenovo\AppData\Local\Microsoft\WindowsApps;C:\Users\Lenovo\AppData\Local\atom\bin;C:\Program Files\JetBrains\IntelliJ IDEA Community Edition 2019.2.1\bin;C:\Users\Lenovo\Desktop\ocCL;C:\Users\Lenovo\Desktop\ocCL\minishift-1.34.1-windows-amd64;C:\Users\Lenovo;C:\Users\Lenovo\AppData\Local\Microsoft\WindowsApps;C:\Program Files\JetBrains\WebStorm 2019.2.4\bin;C:\Users\Lenovo\AppData\Roaming\npm;C:\Users\Lenovo\AppData\Local\Programs\Microsoft VS Code\bin;C:\Program Files\MongoDB\Server\4.2\bin;C:\Program Files\Amazon;C:\Users\Lenovo\AppData\Local\Android\Sdk\platform-tools;C:\Users\Lenovo\AppData\Roaming\nvm;C:\Program Files\nodejs

Yarn version: 
  1.22.10

Node version: 
  14.15.1

Platform: 
  win32 x64

Trace: 
  SyntaxError: C:\Users\Lenovo\Desktop\OxiCov\backend\package.json: Unexpected token } in JSON at position 443
      at JSON.parse (<anonymous>)
      at C:\Users\Lenovo\AppData\Roaming\nvm\v14.15.1\node_modules\yarn\lib\cli.js:1625:59
      at Generator.next (<anonymous>)
      at step (C:\Users\Lenovo\AppData\Roaming\nvm\v14.15.1\node_modules\yarn\lib\cli.js:310:30)
      at C:\Users\Lenovo\AppData\Roaming\nvm\v14.15.1\node_modules\yarn\lib\cli.js:321:13

npm manifest: 
  {
      "name": "backend",
      "version": "1.0.0",
      "description": "",
      "main": "index.js",
      "scripts": {
          "test": "echo \"Error: no test specified\" && exit 1"
      },
      "author": "",
      "license": "ISC",
      "dependencies": {
          "bcryptjs": "^2.4.3",
          "cors": "^2.8.5",
          "express": "^4.17.1",
          "express-async-handler": "^1.1.4",
          "jsonwebtoken": "^8.5.1",
          "mongoose": "^5.12.5",
  
      }
  
  
  }

yarn manifest: 
  No manifest

Lockfile: 
  No lockfile
